<?xml version="1.0" encoding="UTF-8"?>
<!-- Generated by org.testng.reporters.JUnitReportReporter -->
<testsuite hostname="DESKTOP-D9VS67A" failures="0" tests="1" name="eCommerceProject.Ajio" time="10.680" errors="0" timestamp="2023-08-01T18:06:35 IST" skipped="0">
  <testcase classname="eCommerceProject.Ajio" name="ajiotest" time="10.680"/>
  <system-out>
    <![CDATA[Ajio is Opening]]>
  </system-out>
</testsuite> <!-- eCommerceProject.Ajio -->
