<?xml version="1.0" encoding="UTF-8"?>
<!-- Generated by org.testng.reporters.JUnitReportReporter -->
<testsuite hostname="DESKTOP-D9VS67A" failures="0" tests="1" name="eCommerceProject.Flipcart" time="7.992" errors="0" timestamp="2023-08-01T18:06:35 IST" skipped="0">
  <testcase classname="eCommerceProject.Flipcart" name="flipcarttest" time="7.992"/>
  <system-out>
    <![CDATA[opening Flipcart]]>
  </system-out>
</testsuite> <!-- eCommerceProject.Flipcart -->
