<?xml version="1.0" encoding="UTF-8"?>
<!-- Generated by org.testng.reporters.JUnitReportReporter -->
<testsuite hostname="DESKTOP-D9VS67A" failures="0" tests="1" name="eCommerceProject.Amazon" time="11.655" errors="0" timestamp="2023-08-01T18:06:35 IST" skipped="0">
  <testcase classname="eCommerceProject.Amazon" name="amazontest" time="11.655"/>
  <system-out>
    <![CDATA[opening]]>
  </system-out>
</testsuite> <!-- eCommerceProject.Amazon -->
